Created by PLY version 3.11 (http://www.dabeaz.com/ply)

Grammar

Rule 0     S' -> expresion
Rule 1     expresion -> MAS expresion expresion
Rule 2     expresion -> MENOS expresion expresion
Rule 3     expresion -> MULT expresion expresion
Rule 4     expresion -> DIV expresion expresion
Rule 5     expresion -> NEG expresion
Rule 6     expresion -> EXP expresion
Rule 7     expresion -> LOG expresion
Rule 8     expresion -> SIN expresion
Rule 9     expresion -> COS expresion
Rule 10    expresion -> ENTERO
Rule 11    expresion -> REAL
Rule 12    expresion -> BINARIO
Rule 13    expresion -> HEXADECIMAL

Terminals, with rules where they appear

BINARIO              : 12
COS                  : 9
DIV                  : 4
ENTERO               : 10
EXP                  : 6
HEXADECIMAL          : 13
LOG                  : 7
MAS                  : 1
MENOS                : 2
MULT                 : 3
NEG                  : 5
REAL                 : 11
SIN                  : 8
error                : 

Nonterminals, with rules where they appear

expresion            : 1 1 2 2 3 3 4 4 5 6 7 8 9 0

Parsing method: LALR

state 0

    (0) S' -> . expresion
    (1) expresion -> . MAS expresion expresion
    (2) expresion -> . MENOS expresion expresion
    (3) expresion -> . MULT expresion expresion
    (4) expresion -> . DIV expresion expresion
    (5) expresion -> . NEG expresion
    (6) expresion -> . EXP expresion
    (7) expresion -> . LOG expresion
    (8) expresion -> . SIN expresion
    (9) expresion -> . COS expresion
    (10) expresion -> . ENTERO
    (11) expresion -> . REAL
    (12) expresion -> . BINARIO
    (13) expresion -> . HEXADECIMAL

    MAS             shift and go to state 2
    MENOS           shift and go to state 3
    MULT            shift and go to state 4
    DIV             shift and go to state 5
    NEG             shift and go to state 6
    EXP             shift and go to state 7
    LOG             shift and go to state 8
    SIN             shift and go to state 9
    COS             shift and go to state 10
    ENTERO          shift and go to state 11
    REAL            shift and go to state 12
    BINARIO         shift and go to state 13
    HEXADECIMAL     shift and go to state 14

    expresion                      shift and go to state 1

state 1

    (0) S' -> expresion .



state 2

    (1) expresion -> MAS . expresion expresion
    (1) expresion -> . MAS expresion expresion
    (2) expresion -> . MENOS expresion expresion
    (3) expresion -> . MULT expresion expresion
    (4) expresion -> . DIV expresion expresion
    (5) expresion -> . NEG expresion
    (6) expresion -> . EXP expresion
    (7) expresion -> . LOG expresion
    (8) expresion -> . SIN expresion
    (9) expresion -> . COS expresion
    (10) expresion -> . ENTERO
    (11) expresion -> . REAL
    (12) expresion -> . BINARIO
    (13) expresion -> . HEXADECIMAL

    MAS             shift and go to state 2
    MENOS           shift and go to state 3
    MULT            shift and go to state 4
    DIV             shift and go to state 5
    NEG             shift and go to state 6
    EXP             shift and go to state 7
    LOG             shift and go to state 8
    SIN             shift and go to state 9
    COS             shift and go to state 10
    ENTERO          shift and go to state 11
    REAL            shift and go to state 12
    BINARIO         shift and go to state 13
    HEXADECIMAL     shift and go to state 14

    expresion                      shift and go to state 15

state 3

    (2) expresion -> MENOS . expresion expresion
    (1) expresion -> . MAS expresion expresion
    (2) expresion -> . MENOS expresion expresion
    (3) expresion -> . MULT expresion expresion
    (4) expresion -> . DIV expresion expresion
    (5) expresion -> . NEG expresion
    (6) expresion -> . EXP expresion
    (7) expresion -> . LOG expresion
    (8) expresion -> . SIN expresion
    (9) expresion -> . COS expresion
    (10) expresion -> . ENTERO
    (11) expresion -> . REAL
    (12) expresion -> . BINARIO
    (13) expresion -> . HEXADECIMAL

    MAS             shift and go to state 2
    MENOS           shift and go to state 3
    MULT            shift and go to state 4
    DIV             shift and go to state 5
    NEG             shift and go to state 6
    EXP             shift and go to state 7
    LOG             shift and go to state 8
    SIN             shift and go to state 9
    COS             shift and go to state 10
    ENTERO          shift and go to state 11
    REAL            shift and go to state 12
    BINARIO         shift and go to state 13
    HEXADECIMAL     shift and go to state 14

    expresion                      shift and go to state 16

state 4

    (3) expresion -> MULT . expresion expresion
    (1) expresion -> . MAS expresion expresion
    (2) expresion -> . MENOS expresion expresion
    (3) expresion -> . MULT expresion expresion
    (4) expresion -> . DIV expresion expresion
    (5) expresion -> . NEG expresion
    (6) expresion -> . EXP expresion
    (7) expresion -> . LOG expresion
    (8) expresion -> . SIN expresion
    (9) expresion -> . COS expresion
    (10) expresion -> . ENTERO
    (11) expresion -> . REAL
    (12) expresion -> . BINARIO
    (13) expresion -> . HEXADECIMAL

    MAS             shift and go to state 2
    MENOS           shift and go to state 3
    MULT            shift and go to state 4
    DIV             shift and go to state 5
    NEG             shift and go to state 6
    EXP             shift and go to state 7
    LOG             shift and go to state 8
    SIN             shift and go to state 9
    COS             shift and go to state 10
    ENTERO          shift and go to state 11
    REAL            shift and go to state 12
    BINARIO         shift and go to state 13
    HEXADECIMAL     shift and go to state 14

    expresion                      shift and go to state 17

state 5

    (4) expresion -> DIV . expresion expresion
    (1) expresion -> . MAS expresion expresion
    (2) expresion -> . MENOS expresion expresion
    (3) expresion -> . MULT expresion expresion
    (4) expresion -> . DIV expresion expresion
    (5) expresion -> . NEG expresion
    (6) expresion -> . EXP expresion
    (7) expresion -> . LOG expresion
    (8) expresion -> . SIN expresion
    (9) expresion -> . COS expresion
    (10) expresion -> . ENTERO
    (11) expresion -> . REAL
    (12) expresion -> . BINARIO
    (13) expresion -> . HEXADECIMAL

    MAS             shift and go to state 2
    MENOS           shift and go to state 3
    MULT            shift and go to state 4
    DIV             shift and go to state 5
    NEG             shift and go to state 6
    EXP             shift and go to state 7
    LOG             shift and go to state 8
    SIN             shift and go to state 9
    COS             shift and go to state 10
    ENTERO          shift and go to state 11
    REAL            shift and go to state 12
    BINARIO         shift and go to state 13
    HEXADECIMAL     shift and go to state 14

    expresion                      shift and go to state 18

state 6

    (5) expresion -> NEG . expresion
    (1) expresion -> . MAS expresion expresion
    (2) expresion -> . MENOS expresion expresion
    (3) expresion -> . MULT expresion expresion
    (4) expresion -> . DIV expresion expresion
    (5) expresion -> . NEG expresion
    (6) expresion -> . EXP expresion
    (7) expresion -> . LOG expresion
    (8) expresion -> . SIN expresion
    (9) expresion -> . COS expresion
    (10) expresion -> . ENTERO
    (11) expresion -> . REAL
    (12) expresion -> . BINARIO
    (13) expresion -> . HEXADECIMAL

    MAS             shift and go to state 2
    MENOS           shift and go to state 3
    MULT            shift and go to state 4
    DIV             shift and go to state 5
    NEG             shift and go to state 6
    EXP             shift and go to state 7
    LOG             shift and go to state 8
    SIN             shift and go to state 9
    COS             shift and go to state 10
    ENTERO          shift and go to state 11
    REAL            shift and go to state 12
    BINARIO         shift and go to state 13
    HEXADECIMAL     shift and go to state 14

    expresion                      shift and go to state 19

state 7

    (6) expresion -> EXP . expresion
    (1) expresion -> . MAS expresion expresion
    (2) expresion -> . MENOS expresion expresion
    (3) expresion -> . MULT expresion expresion
    (4) expresion -> . DIV expresion expresion
    (5) expresion -> . NEG expresion
    (6) expresion -> . EXP expresion
    (7) expresion -> . LOG expresion
    (8) expresion -> . SIN expresion
    (9) expresion -> . COS expresion
    (10) expresion -> . ENTERO
    (11) expresion -> . REAL
    (12) expresion -> . BINARIO
    (13) expresion -> . HEXADECIMAL

    MAS             shift and go to state 2
    MENOS           shift and go to state 3
    MULT            shift and go to state 4
    DIV             shift and go to state 5
    NEG             shift and go to state 6
    EXP             shift and go to state 7
    LOG             shift and go to state 8
    SIN             shift and go to state 9
    COS             shift and go to state 10
    ENTERO          shift and go to state 11
    REAL            shift and go to state 12
    BINARIO         shift and go to state 13
    HEXADECIMAL     shift and go to state 14

    expresion                      shift and go to state 20

state 8

    (7) expresion -> LOG . expresion
    (1) expresion -> . MAS expresion expresion
    (2) expresion -> . MENOS expresion expresion
    (3) expresion -> . MULT expresion expresion
    (4) expresion -> . DIV expresion expresion
    (5) expresion -> . NEG expresion
    (6) expresion -> . EXP expresion
    (7) expresion -> . LOG expresion
    (8) expresion -> . SIN expresion
    (9) expresion -> . COS expresion
    (10) expresion -> . ENTERO
    (11) expresion -> . REAL
    (12) expresion -> . BINARIO
    (13) expresion -> . HEXADECIMAL

    MAS             shift and go to state 2
    MENOS           shift and go to state 3
    MULT            shift and go to state 4
    DIV             shift and go to state 5
    NEG             shift and go to state 6
    EXP             shift and go to state 7
    LOG             shift and go to state 8
    SIN             shift and go to state 9
    COS             shift and go to state 10
    ENTERO          shift and go to state 11
    REAL            shift and go to state 12
    BINARIO         shift and go to state 13
    HEXADECIMAL     shift and go to state 14

    expresion                      shift and go to state 21

state 9

    (8) expresion -> SIN . expresion
    (1) expresion -> . MAS expresion expresion
    (2) expresion -> . MENOS expresion expresion
    (3) expresion -> . MULT expresion expresion
    (4) expresion -> . DIV expresion expresion
    (5) expresion -> . NEG expresion
    (6) expresion -> . EXP expresion
    (7) expresion -> . LOG expresion
    (8) expresion -> . SIN expresion
    (9) expresion -> . COS expresion
    (10) expresion -> . ENTERO
    (11) expresion -> . REAL
    (12) expresion -> . BINARIO
    (13) expresion -> . HEXADECIMAL

    MAS             shift and go to state 2
    MENOS           shift and go to state 3
    MULT            shift and go to state 4
    DIV             shift and go to state 5
    NEG             shift and go to state 6
    EXP             shift and go to state 7
    LOG             shift and go to state 8
    SIN             shift and go to state 9
    COS             shift and go to state 10
    ENTERO          shift and go to state 11
    REAL            shift and go to state 12
    BINARIO         shift and go to state 13
    HEXADECIMAL     shift and go to state 14

    expresion                      shift and go to state 22

state 10

    (9) expresion -> COS . expresion
    (1) expresion -> . MAS expresion expresion
    (2) expresion -> . MENOS expresion expresion
    (3) expresion -> . MULT expresion expresion
    (4) expresion -> . DIV expresion expresion
    (5) expresion -> . NEG expresion
    (6) expresion -> . EXP expresion
    (7) expresion -> . LOG expresion
    (8) expresion -> . SIN expresion
    (9) expresion -> . COS expresion
    (10) expresion -> . ENTERO
    (11) expresion -> . REAL
    (12) expresion -> . BINARIO
    (13) expresion -> . HEXADECIMAL

    MAS             shift and go to state 2
    MENOS           shift and go to state 3
    MULT            shift and go to state 4
    DIV             shift and go to state 5
    NEG             shift and go to state 6
    EXP             shift and go to state 7
    LOG             shift and go to state 8
    SIN             shift and go to state 9
    COS             shift and go to state 10
    ENTERO          shift and go to state 11
    REAL            shift and go to state 12
    BINARIO         shift and go to state 13
    HEXADECIMAL     shift and go to state 14

    expresion                      shift and go to state 23

state 11

    (10) expresion -> ENTERO .

    $end            reduce using rule 10 (expresion -> ENTERO .)
    MAS             reduce using rule 10 (expresion -> ENTERO .)
    MENOS           reduce using rule 10 (expresion -> ENTERO .)
    MULT            reduce using rule 10 (expresion -> ENTERO .)
    DIV             reduce using rule 10 (expresion -> ENTERO .)
    NEG             reduce using rule 10 (expresion -> ENTERO .)
    EXP             reduce using rule 10 (expresion -> ENTERO .)
    LOG             reduce using rule 10 (expresion -> ENTERO .)
    SIN             reduce using rule 10 (expresion -> ENTERO .)
    COS             reduce using rule 10 (expresion -> ENTERO .)
    ENTERO          reduce using rule 10 (expresion -> ENTERO .)
    REAL            reduce using rule 10 (expresion -> ENTERO .)
    BINARIO         reduce using rule 10 (expresion -> ENTERO .)
    HEXADECIMAL     reduce using rule 10 (expresion -> ENTERO .)


state 12

    (11) expresion -> REAL .

    $end            reduce using rule 11 (expresion -> REAL .)
    MAS             reduce using rule 11 (expresion -> REAL .)
    MENOS           reduce using rule 11 (expresion -> REAL .)
    MULT            reduce using rule 11 (expresion -> REAL .)
    DIV             reduce using rule 11 (expresion -> REAL .)
    NEG             reduce using rule 11 (expresion -> REAL .)
    EXP             reduce using rule 11 (expresion -> REAL .)
    LOG             reduce using rule 11 (expresion -> REAL .)
    SIN             reduce using rule 11 (expresion -> REAL .)
    COS             reduce using rule 11 (expresion -> REAL .)
    ENTERO          reduce using rule 11 (expresion -> REAL .)
    REAL            reduce using rule 11 (expresion -> REAL .)
    BINARIO         reduce using rule 11 (expresion -> REAL .)
    HEXADECIMAL     reduce using rule 11 (expresion -> REAL .)


state 13

    (12) expresion -> BINARIO .

    $end            reduce using rule 12 (expresion -> BINARIO .)
    MAS             reduce using rule 12 (expresion -> BINARIO .)
    MENOS           reduce using rule 12 (expresion -> BINARIO .)
    MULT            reduce using rule 12 (expresion -> BINARIO .)
    DIV             reduce using rule 12 (expresion -> BINARIO .)
    NEG             reduce using rule 12 (expresion -> BINARIO .)
    EXP             reduce using rule 12 (expresion -> BINARIO .)
    LOG             reduce using rule 12 (expresion -> BINARIO .)
    SIN             reduce using rule 12 (expresion -> BINARIO .)
    COS             reduce using rule 12 (expresion -> BINARIO .)
    ENTERO          reduce using rule 12 (expresion -> BINARIO .)
    REAL            reduce using rule 12 (expresion -> BINARIO .)
    BINARIO         reduce using rule 12 (expresion -> BINARIO .)
    HEXADECIMAL     reduce using rule 12 (expresion -> BINARIO .)


state 14

    (13) expresion -> HEXADECIMAL .

    $end            reduce using rule 13 (expresion -> HEXADECIMAL .)
    MAS             reduce using rule 13 (expresion -> HEXADECIMAL .)
    MENOS           reduce using rule 13 (expresion -> HEXADECIMAL .)
    MULT            reduce using rule 13 (expresion -> HEXADECIMAL .)
    DIV             reduce using rule 13 (expresion -> HEXADECIMAL .)
    NEG             reduce using rule 13 (expresion -> HEXADECIMAL .)
    EXP             reduce using rule 13 (expresion -> HEXADECIMAL .)
    LOG             reduce using rule 13 (expresion -> HEXADECIMAL .)
    SIN             reduce using rule 13 (expresion -> HEXADECIMAL .)
    COS             reduce using rule 13 (expresion -> HEXADECIMAL .)
    ENTERO          reduce using rule 13 (expresion -> HEXADECIMAL .)
    REAL            reduce using rule 13 (expresion -> HEXADECIMAL .)
    BINARIO         reduce using rule 13 (expresion -> HEXADECIMAL .)
    HEXADECIMAL     reduce using rule 13 (expresion -> HEXADECIMAL .)


state 15

    (1) expresion -> MAS expresion . expresion
    (1) expresion -> . MAS expresion expresion
    (2) expresion -> . MENOS expresion expresion
    (3) expresion -> . MULT expresion expresion
    (4) expresion -> . DIV expresion expresion
    (5) expresion -> . NEG expresion
    (6) expresion -> . EXP expresion
    (7) expresion -> . LOG expresion
    (8) expresion -> . SIN expresion
    (9) expresion -> . COS expresion
    (10) expresion -> . ENTERO
    (11) expresion -> . REAL
    (12) expresion -> . BINARIO
    (13) expresion -> . HEXADECIMAL

    MAS             shift and go to state 2
    MENOS           shift and go to state 3
    MULT            shift and go to state 4
    DIV             shift and go to state 5
    NEG             shift and go to state 6
    EXP             shift and go to state 7
    LOG             shift and go to state 8
    SIN             shift and go to state 9
    COS             shift and go to state 10
    ENTERO          shift and go to state 11
    REAL            shift and go to state 12
    BINARIO         shift and go to state 13
    HEXADECIMAL     shift and go to state 14

    expresion                      shift and go to state 24

state 16

    (2) expresion -> MENOS expresion . expresion
    (1) expresion -> . MAS expresion expresion
    (2) expresion -> . MENOS expresion expresion
    (3) expresion -> . MULT expresion expresion
    (4) expresion -> . DIV expresion expresion
    (5) expresion -> . NEG expresion
    (6) expresion -> . EXP expresion
    (7) expresion -> . LOG expresion
    (8) expresion -> . SIN expresion
    (9) expresion -> . COS expresion
    (10) expresion -> . ENTERO
    (11) expresion -> . REAL
    (12) expresion -> . BINARIO
    (13) expresion -> . HEXADECIMAL

    MAS             shift and go to state 2
    MENOS           shift and go to state 3
    MULT            shift and go to state 4
    DIV             shift and go to state 5
    NEG             shift and go to state 6
    EXP             shift and go to state 7
    LOG             shift and go to state 8
    SIN             shift and go to state 9
    COS             shift and go to state 10
    ENTERO          shift and go to state 11
    REAL            shift and go to state 12
    BINARIO         shift and go to state 13
    HEXADECIMAL     shift and go to state 14

    expresion                      shift and go to state 25

state 17

    (3) expresion -> MULT expresion . expresion
    (1) expresion -> . MAS expresion expresion
    (2) expresion -> . MENOS expresion expresion
    (3) expresion -> . MULT expresion expresion
    (4) expresion -> . DIV expresion expresion
    (5) expresion -> . NEG expresion
    (6) expresion -> . EXP expresion
    (7) expresion -> . LOG expresion
    (8) expresion -> . SIN expresion
    (9) expresion -> . COS expresion
    (10) expresion -> . ENTERO
    (11) expresion -> . REAL
    (12) expresion -> . BINARIO
    (13) expresion -> . HEXADECIMAL

    MAS             shift and go to state 2
    MENOS           shift and go to state 3
    MULT            shift and go to state 4
    DIV             shift and go to state 5
    NEG             shift and go to state 6
    EXP             shift and go to state 7
    LOG             shift and go to state 8
    SIN             shift and go to state 9
    COS             shift and go to state 10
    ENTERO          shift and go to state 11
    REAL            shift and go to state 12
    BINARIO         shift and go to state 13
    HEXADECIMAL     shift and go to state 14

    expresion                      shift and go to state 26

state 18

    (4) expresion -> DIV expresion . expresion
    (1) expresion -> . MAS expresion expresion
    (2) expresion -> . MENOS expresion expresion
    (3) expresion -> . MULT expresion expresion
    (4) expresion -> . DIV expresion expresion
    (5) expresion -> . NEG expresion
    (6) expresion -> . EXP expresion
    (7) expresion -> . LOG expresion
    (8) expresion -> . SIN expresion
    (9) expresion -> . COS expresion
    (10) expresion -> . ENTERO
    (11) expresion -> . REAL
    (12) expresion -> . BINARIO
    (13) expresion -> . HEXADECIMAL

    MAS             shift and go to state 2
    MENOS           shift and go to state 3
    MULT            shift and go to state 4
    DIV             shift and go to state 5
    NEG             shift and go to state 6
    EXP             shift and go to state 7
    LOG             shift and go to state 8
    SIN             shift and go to state 9
    COS             shift and go to state 10
    ENTERO          shift and go to state 11
    REAL            shift and go to state 12
    BINARIO         shift and go to state 13
    HEXADECIMAL     shift and go to state 14

    expresion                      shift and go to state 27

state 19

    (5) expresion -> NEG expresion .

    $end            reduce using rule 5 (expresion -> NEG expresion .)
    MAS             reduce using rule 5 (expresion -> NEG expresion .)
    MENOS           reduce using rule 5 (expresion -> NEG expresion .)
    MULT            reduce using rule 5 (expresion -> NEG expresion .)
    DIV             reduce using rule 5 (expresion -> NEG expresion .)
    NEG             reduce using rule 5 (expresion -> NEG expresion .)
    EXP             reduce using rule 5 (expresion -> NEG expresion .)
    LOG             reduce using rule 5 (expresion -> NEG expresion .)
    SIN             reduce using rule 5 (expresion -> NEG expresion .)
    COS             reduce using rule 5 (expresion -> NEG expresion .)
    ENTERO          reduce using rule 5 (expresion -> NEG expresion .)
    REAL            reduce using rule 5 (expresion -> NEG expresion .)
    BINARIO         reduce using rule 5 (expresion -> NEG expresion .)
    HEXADECIMAL     reduce using rule 5 (expresion -> NEG expresion .)


state 20

    (6) expresion -> EXP expresion .

    $end            reduce using rule 6 (expresion -> EXP expresion .)
    MAS             reduce using rule 6 (expresion -> EXP expresion .)
    MENOS           reduce using rule 6 (expresion -> EXP expresion .)
    MULT            reduce using rule 6 (expresion -> EXP expresion .)
    DIV             reduce using rule 6 (expresion -> EXP expresion .)
    NEG             reduce using rule 6 (expresion -> EXP expresion .)
    EXP             reduce using rule 6 (expresion -> EXP expresion .)
    LOG             reduce using rule 6 (expresion -> EXP expresion .)
    SIN             reduce using rule 6 (expresion -> EXP expresion .)
    COS             reduce using rule 6 (expresion -> EXP expresion .)
    ENTERO          reduce using rule 6 (expresion -> EXP expresion .)
    REAL            reduce using rule 6 (expresion -> EXP expresion .)
    BINARIO         reduce using rule 6 (expresion -> EXP expresion .)
    HEXADECIMAL     reduce using rule 6 (expresion -> EXP expresion .)


state 21

    (7) expresion -> LOG expresion .

    $end            reduce using rule 7 (expresion -> LOG expresion .)
    MAS             reduce using rule 7 (expresion -> LOG expresion .)
    MENOS           reduce using rule 7 (expresion -> LOG expresion .)
    MULT            reduce using rule 7 (expresion -> LOG expresion .)
    DIV             reduce using rule 7 (expresion -> LOG expresion .)
    NEG             reduce using rule 7 (expresion -> LOG expresion .)
    EXP             reduce using rule 7 (expresion -> LOG expresion .)
    LOG             reduce using rule 7 (expresion -> LOG expresion .)
    SIN             reduce using rule 7 (expresion -> LOG expresion .)
    COS             reduce using rule 7 (expresion -> LOG expresion .)
    ENTERO          reduce using rule 7 (expresion -> LOG expresion .)
    REAL            reduce using rule 7 (expresion -> LOG expresion .)
    BINARIO         reduce using rule 7 (expresion -> LOG expresion .)
    HEXADECIMAL     reduce using rule 7 (expresion -> LOG expresion .)


state 22

    (8) expresion -> SIN expresion .

    $end            reduce using rule 8 (expresion -> SIN expresion .)
    MAS             reduce using rule 8 (expresion -> SIN expresion .)
    MENOS           reduce using rule 8 (expresion -> SIN expresion .)
    MULT            reduce using rule 8 (expresion -> SIN expresion .)
    DIV             reduce using rule 8 (expresion -> SIN expresion .)
    NEG             reduce using rule 8 (expresion -> SIN expresion .)
    EXP             reduce using rule 8 (expresion -> SIN expresion .)
    LOG             reduce using rule 8 (expresion -> SIN expresion .)
    SIN             reduce using rule 8 (expresion -> SIN expresion .)
    COS             reduce using rule 8 (expresion -> SIN expresion .)
    ENTERO          reduce using rule 8 (expresion -> SIN expresion .)
    REAL            reduce using rule 8 (expresion -> SIN expresion .)
    BINARIO         reduce using rule 8 (expresion -> SIN expresion .)
    HEXADECIMAL     reduce using rule 8 (expresion -> SIN expresion .)


state 23

    (9) expresion -> COS expresion .

    $end            reduce using rule 9 (expresion -> COS expresion .)
    MAS             reduce using rule 9 (expresion -> COS expresion .)
    MENOS           reduce using rule 9 (expresion -> COS expresion .)
    MULT            reduce using rule 9 (expresion -> COS expresion .)
    DIV             reduce using rule 9 (expresion -> COS expresion .)
    NEG             reduce using rule 9 (expresion -> COS expresion .)
    EXP             reduce using rule 9 (expresion -> COS expresion .)
    LOG             reduce using rule 9 (expresion -> COS expresion .)
    SIN             reduce using rule 9 (expresion -> COS expresion .)
    COS             reduce using rule 9 (expresion -> COS expresion .)
    ENTERO          reduce using rule 9 (expresion -> COS expresion .)
    REAL            reduce using rule 9 (expresion -> COS expresion .)
    BINARIO         reduce using rule 9 (expresion -> COS expresion .)
    HEXADECIMAL     reduce using rule 9 (expresion -> COS expresion .)


state 24

    (1) expresion -> MAS expresion expresion .

    $end            reduce using rule 1 (expresion -> MAS expresion expresion .)
    MAS             reduce using rule 1 (expresion -> MAS expresion expresion .)
    MENOS           reduce using rule 1 (expresion -> MAS expresion expresion .)
    MULT            reduce using rule 1 (expresion -> MAS expresion expresion .)
    DIV             reduce using rule 1 (expresion -> MAS expresion expresion .)
    NEG             reduce using rule 1 (expresion -> MAS expresion expresion .)
    EXP             reduce using rule 1 (expresion -> MAS expresion expresion .)
    LOG             reduce using rule 1 (expresion -> MAS expresion expresion .)
    SIN             reduce using rule 1 (expresion -> MAS expresion expresion .)
    COS             reduce using rule 1 (expresion -> MAS expresion expresion .)
    ENTERO          reduce using rule 1 (expresion -> MAS expresion expresion .)
    REAL            reduce using rule 1 (expresion -> MAS expresion expresion .)
    BINARIO         reduce using rule 1 (expresion -> MAS expresion expresion .)
    HEXADECIMAL     reduce using rule 1 (expresion -> MAS expresion expresion .)


state 25

    (2) expresion -> MENOS expresion expresion .

    $end            reduce using rule 2 (expresion -> MENOS expresion expresion .)
    MAS             reduce using rule 2 (expresion -> MENOS expresion expresion .)
    MENOS           reduce using rule 2 (expresion -> MENOS expresion expresion .)
    MULT            reduce using rule 2 (expresion -> MENOS expresion expresion .)
    DIV             reduce using rule 2 (expresion -> MENOS expresion expresion .)
    NEG             reduce using rule 2 (expresion -> MENOS expresion expresion .)
    EXP             reduce using rule 2 (expresion -> MENOS expresion expresion .)
    LOG             reduce using rule 2 (expresion -> MENOS expresion expresion .)
    SIN             reduce using rule 2 (expresion -> MENOS expresion expresion .)
    COS             reduce using rule 2 (expresion -> MENOS expresion expresion .)
    ENTERO          reduce using rule 2 (expresion -> MENOS expresion expresion .)
    REAL            reduce using rule 2 (expresion -> MENOS expresion expresion .)
    BINARIO         reduce using rule 2 (expresion -> MENOS expresion expresion .)
    HEXADECIMAL     reduce using rule 2 (expresion -> MENOS expresion expresion .)


state 26

    (3) expresion -> MULT expresion expresion .

    $end            reduce using rule 3 (expresion -> MULT expresion expresion .)
    MAS             reduce using rule 3 (expresion -> MULT expresion expresion .)
    MENOS           reduce using rule 3 (expresion -> MULT expresion expresion .)
    MULT            reduce using rule 3 (expresion -> MULT expresion expresion .)
    DIV             reduce using rule 3 (expresion -> MULT expresion expresion .)
    NEG             reduce using rule 3 (expresion -> MULT expresion expresion .)
    EXP             reduce using rule 3 (expresion -> MULT expresion expresion .)
    LOG             reduce using rule 3 (expresion -> MULT expresion expresion .)
    SIN             reduce using rule 3 (expresion -> MULT expresion expresion .)
    COS             reduce using rule 3 (expresion -> MULT expresion expresion .)
    ENTERO          reduce using rule 3 (expresion -> MULT expresion expresion .)
    REAL            reduce using rule 3 (expresion -> MULT expresion expresion .)
    BINARIO         reduce using rule 3 (expresion -> MULT expresion expresion .)
    HEXADECIMAL     reduce using rule 3 (expresion -> MULT expresion expresion .)


state 27

    (4) expresion -> DIV expresion expresion .

    $end            reduce using rule 4 (expresion -> DIV expresion expresion .)
    MAS             reduce using rule 4 (expresion -> DIV expresion expresion .)
    MENOS           reduce using rule 4 (expresion -> DIV expresion expresion .)
    MULT            reduce using rule 4 (expresion -> DIV expresion expresion .)
    DIV             reduce using rule 4 (expresion -> DIV expresion expresion .)
    NEG             reduce using rule 4 (expresion -> DIV expresion expresion .)
    EXP             reduce using rule 4 (expresion -> DIV expresion expresion .)
    LOG             reduce using rule 4 (expresion -> DIV expresion expresion .)
    SIN             reduce using rule 4 (expresion -> DIV expresion expresion .)
    COS             reduce using rule 4 (expresion -> DIV expresion expresion .)
    ENTERO          reduce using rule 4 (expresion -> DIV expresion expresion .)
    REAL            reduce using rule 4 (expresion -> DIV expresion expresion .)
    BINARIO         reduce using rule 4 (expresion -> DIV expresion expresion .)
    HEXADECIMAL     reduce using rule 4 (expresion -> DIV expresion expresion .)

